<?xml version="1.0" encoding="UTF-8"?>
<!-- Generated by org.testng.reporters.JUnitXMLReporter -->
<testsuite ignored="4" hostname="SHARAN47" failures="0" tests="6" name="ChromeTest" time="51.064" errors="0" timestamp="21 May 2022 13:11:05 GMT">
  <testcase classname="tasks.CreateTest12" name="he" time="0.006"/>
  <testcase classname="tasks.CreateTest12" name="he1" time="0.001"/>
  <testcase classname="tasks.CreateNewTaskTest" name="createSimpleContact" time="6.72"/>
  <testcase classname="tasks.CreateNewTaskTest" name="jj" time="0.001"/>
  <testcase classname="tasks.CreateN23" name="hi" time="0.001"/>
  <testcase classname="tasks.CreateN23" name="hi2" time="0.001"/>
  <testcase classname="genericUtility.Baseclass" name="@BeforeSuite configBS" time="0.0">
    <ignored/>
  </testcase> <!-- @BeforeSuite configBS -->
  <testcase classname="genericUtility.Baseclass" name="@BeforeSuite configBS" time="0.0">
    <ignored/>
  </testcase> <!-- @BeforeSuite configBS -->
  <testcase classname="genericUtility.Baseclass" name="@AfterSuite configAS" time="0.0">
    <ignored/>
  </testcase> <!-- @AfterSuite configAS -->
  <testcase classname="genericUtility.Baseclass" name="@AfterSuite configAS" time="0.0">
    <ignored/>
  </testcase> <!-- @AfterSuite configAS -->
</testsuite> <!-- ChromeTest -->
