<?xml version="1.0" encoding="UTF-8"?>
<!-- Generated by org.testng.reporters.JUnitXMLReporter -->
<testsuite ignored="2" hostname="SHARAN47" failures="0" tests="4" name="ParallelTest1" time="30.823" errors="0" timestamp="21 May 2022 13:03:37 GMT">
  <testcase classname="tasks.CreateTest12" name="he" time="0.002"/>
  <testcase classname="tasks.CreateTest12" name="he1" time="0.001"/>
  <testcase classname="tasks.CreateNewTaskTest" name="createSimpleContact" time="5.265"/>
  <testcase classname="tasks.CreateNewTaskTest" name="jj" time="0.001"/>
  <testcase classname="genericUtility.Baseclass" name="@BeforeSuite configBS" time="0.0">
    <ignored/>
  </testcase> <!-- @BeforeSuite configBS -->
  <testcase classname="genericUtility.Baseclass" name="@AfterSuite configAS" time="0.0">
    <ignored/>
  </testcase> <!-- @AfterSuite configAS -->
</testsuite> <!-- ParallelTest1 -->
