<?xml version="1.0" encoding="UTF-8"?>
<testng-results ignored="0" total="1" passed="1" failed="0" skipped="0">
  <reporter-output>
  </reporter-output>
  <suite started-at="2022-05-24T10:48:37Z" name="Default suite" finished-at="2022-05-24T10:48:47Z" duration-ms="9752">
    <groups>
      <group name="smokeTest">
        <method signature="CreateNewTaskTest.createSimpleContact()[pri:0, instance:tasks.CreateNewTaskTest@60410cd]" name="createSimpleContact" class="tasks.CreateNewTaskTest"/>
      </group> <!-- smokeTest -->
    </groups>
    <test started-at="2022-05-24T10:48:37Z" name="Default test" finished-at="2022-05-24T10:48:47Z" duration-ms="9752">
      <class name="tasks.CreateNewTaskTest">
        <test-method is-config="true" signature="configBS()[pri:0, instance:tasks.CreateNewTaskTest@60410cd]" started-at="2022-05-24T10:48:37Z" name="configBS" finished-at="2022-05-24T10:48:37Z" duration-ms="8" status="PASS">
          <reporter-output>
          </reporter-output>
        </test-method> <!-- configBS -->
        <test-method is-config="true" signature="configBc()[pri:0, instance:tasks.CreateNewTaskTest@60410cd]" started-at="2022-05-24T10:48:37Z" name="configBc" finished-at="2022-05-24T10:48:45Z" duration-ms="7781" status="PASS">
          <reporter-output>
          </reporter-output>
        </test-method> <!-- configBc -->
        <test-method is-config="true" signature="confiBM()[pri:0, instance:tasks.CreateNewTaskTest@60410cd]" started-at="2022-05-24T10:48:45Z" name="confiBM" finished-at="2022-05-24T10:48:45Z" duration-ms="277" status="PASS">
          <reporter-output>
          </reporter-output>
        </test-method> <!-- confiBM -->
        <test-method signature="createSimpleContact()[pri:0, instance:tasks.CreateNewTaskTest@60410cd]" started-at="2022-05-24T10:48:45Z" name="createSimpleContact" finished-at="2022-05-24T10:48:47Z" duration-ms="1668" status="PASS">
          <reporter-output>
          </reporter-output>
        </test-method> <!-- createSimpleContact -->
        <test-method is-config="true" signature="configAM()[pri:0, instance:tasks.CreateNewTaskTest@60410cd]" started-at="2022-05-24T10:48:47Z" name="configAM" finished-at="2022-05-24T10:48:47Z" duration-ms="2" status="PASS">
          <reporter-output>
          </reporter-output>
        </test-method> <!-- configAM -->
        <test-method is-config="true" signature="configAC()[pri:0, instance:tasks.CreateNewTaskTest@60410cd]" started-at="2022-05-24T10:48:47Z" name="configAC" finished-at="2022-05-24T10:48:47Z" duration-ms="0" status="PASS">
          <reporter-output>
          </reporter-output>
        </test-method> <!-- configAC -->
        <test-method is-config="true" signature="configAS()[pri:0, instance:tasks.CreateNewTaskTest@60410cd]" started-at="2022-05-24T10:48:47Z" name="configAS" finished-at="2022-05-24T10:48:47Z" duration-ms="1" status="PASS">
          <reporter-output>
          </reporter-output>
        </test-method> <!-- configAS -->
      </class> <!-- tasks.CreateNewTaskTest -->
    </test> <!-- Default test -->
  </suite> <!-- Default suite -->
</testng-results>
